<?xml version="1.0" encoding="UTF-8"?>
<testsuite xmlns:xsi="http://www.w3.org/2001/XMLSchema-instance" xsi:noNamespaceSchemaLocation="https://maven.apache.org/surefire/maven-surefire-plugin/xsd/surefire-test-report-3.0.xsd" version="3.0" name="com.github.pluralism.javabtree.impl.InMemoryBTreeImplementationTest" time="0.022" tests="7" errors="0" skipped="0" failures="0">
  <properties>
    <property name="sun.desktop" value="gnome"/>
    <property name="awt.toolkit" value="sun.awt.X11.XToolkit"/>
    <property name="file.encoding.pkg" value="sun.io"/>
    <property name="java.specification.version" value="1.8"/>
    <property name="sun.cpu.isalist" value=""/>
    <property name="sun.jnu.encoding" value="UTF-8"/>
    <property name="java.class.path" value="/home/ctw00792/Documents/Projects/java_btree/target/test-classes:/home/ctw00792/Documents/Projects/java_btree/target/classes:/home/ctw00792/.m2/repository/org/junit/jupiter/junit-jupiter-api/5.6.0/junit-jupiter-api-5.6.0.jar:/home/ctw00792/.m2/repository/org/apiguardian/apiguardian-api/1.1.0/apiguardian-api-1.1.0.jar:/home/ctw00792/.m2/repository/org/opentest4j/opentest4j/1.2.0/opentest4j-1.2.0.jar:/home/ctw00792/.m2/repository/org/junit/platform/junit-platform-commons/1.6.0/junit-platform-commons-1.6.0.jar:/home/ctw00792/.m2/repository/org/junit/jupiter/junit-jupiter-engine/5.6.0/junit-jupiter-engine-5.6.0.jar:/home/ctw00792/.m2/repository/org/junit/platform/junit-platform-engine/1.6.0/junit-platform-engine-1.6.0.jar:/home/ctw00792/.m2/repository/org/jetbrains/annotations/19.0.0/annotations-19.0.0.jar:"/>
    <property name="java.vm.vendor" value="Oracle Corporation"/>
    <property name="sun.arch.data.model" value="64"/>
    <property name="java.vendor.url" value="http://java.oracle.com/"/>
    <property name="user.timezone" value=""/>
    <property name="user.country.format" value="PT"/>
    <property name="java.vm.specification.version" value="1.8"/>
    <property name="os.name" value="Linux"/>
    <property name="user.country" value="US"/>
    <property name="sun.java.launcher" value="SUN_STANDARD"/>
    <property name="sun.boot.library.path" value="/usr/lib/jvm/jdk1.8.0_241/jre/lib/amd64"/>
    <property name="sun.java.command" value="/home/ctw00792/Documents/Projects/java_btree/target/surefire/surefirebooter4722385330201232350.jar /home/ctw00792/Documents/Projects/java_btree/target/surefire 2020-03-18T17-17-05_177-jvmRun1 surefire1175156406787145389tmp surefire_03213314645061115681tmp"/>
    <property name="surefire.test.class.path" value="/home/ctw00792/Documents/Projects/java_btree/target/test-classes:/home/ctw00792/Documents/Projects/java_btree/target/classes:/home/ctw00792/.m2/repository/org/junit/jupiter/junit-jupiter-api/5.6.0/junit-jupiter-api-5.6.0.jar:/home/ctw00792/.m2/repository/org/apiguardian/apiguardian-api/1.1.0/apiguardian-api-1.1.0.jar:/home/ctw00792/.m2/repository/org/opentest4j/opentest4j/1.2.0/opentest4j-1.2.0.jar:/home/ctw00792/.m2/repository/org/junit/platform/junit-platform-commons/1.6.0/junit-platform-commons-1.6.0.jar:/home/ctw00792/.m2/repository/org/junit/jupiter/junit-jupiter-engine/5.6.0/junit-jupiter-engine-5.6.0.jar:/home/ctw00792/.m2/repository/org/junit/platform/junit-platform-engine/1.6.0/junit-platform-engine-1.6.0.jar:/home/ctw00792/.m2/repository/org/jetbrains/annotations/19.0.0/annotations-19.0.0.jar:"/>
    <property name="sun.cpu.endian" value="little"/>
    <property name="user.home" value="/home/ctw00792"/>
    <property name="user.language" value="en"/>
    <property name="java.specification.vendor" value="Oracle Corporation"/>
    <property name="java.home" value="/usr/lib/jvm/jdk1.8.0_241/jre"/>
    <property name="basedir" value="/home/ctw00792/Documents/Projects/java_btree"/>
    <property name="file.separator" value="/"/>
    <property name="line.separator" value="&#10;"/>
    <property name="java.vm.specification.vendor" value="Oracle Corporation"/>
    <property name="java.specification.name" value="Java Platform API Specification"/>
    <property name="java.awt.graphicsenv" value="sun.awt.X11GraphicsEnvironment"/>
    <property name="surefire.real.class.path" value="/home/ctw00792/Documents/Projects/java_btree/target/surefire/surefirebooter4722385330201232350.jar:/home/ctw00792/.m2/repository/org/jacoco/org.jacoco.agent/0.8.5/org.jacoco.agent-0.8.5-runtime.jar"/>
    <property name="sun.boot.class.path" value="/usr/lib/jvm/jdk1.8.0_241/jre/lib/resources.jar:/usr/lib/jvm/jdk1.8.0_241/jre/lib/rt.jar:/usr/lib/jvm/jdk1.8.0_241/jre/lib/sunrsasign.jar:/usr/lib/jvm/jdk1.8.0_241/jre/lib/jsse.jar:/usr/lib/jvm/jdk1.8.0_241/jre/lib/jce.jar:/usr/lib/jvm/jdk1.8.0_241/jre/lib/charsets.jar:/usr/lib/jvm/jdk1.8.0_241/jre/lib/jfr.jar:/usr/lib/jvm/jdk1.8.0_241/jre/classes"/>
    <property name="sun.management.compiler" value="HotSpot 64-Bit Tiered Compilers"/>
    <property name="java.runtime.version" value="1.8.0_241-b07"/>
    <property name="user.name" value="ctw00792"/>
    <property name="path.separator" value=":"/>
    <property name="os.version" value="5.3.0-42-generic"/>
    <property name="java.endorsed.dirs" value="/usr/lib/jvm/jdk1.8.0_241/jre/lib/endorsed"/>
    <property name="java.runtime.name" value="Java(TM) SE Runtime Environment"/>
    <property name="file.encoding" value="UTF-8"/>
    <property name="java.vm.name" value="Java HotSpot(TM) 64-Bit Server VM"/>
    <property name="localRepository" value="/home/ctw00792/.m2/repository"/>
    <property name="java.vendor.url.bug" value="http://bugreport.sun.com/bugreport/"/>
    <property name="java.io.tmpdir" value="/tmp"/>
    <property name="java.version" value="1.8.0_241"/>
    <property name="user.dir" value="/home/ctw00792/Documents/Projects/java_btree"/>
    <property name="os.arch" value="amd64"/>
    <property name="java.vm.specification.name" value="Java Virtual Machine Specification"/>
    <property name="java.awt.printerjob" value="sun.print.PSPrinterJob"/>
    <property name="user.language.format" value="pt"/>
    <property name="sun.os.patch.level" value="unknown"/>
    <property name="idea.version2019.3.3" value="true"/>
    <property name="java.library.path" value="/usr/java/packages/lib/amd64:/usr/lib64:/lib64:/lib:/usr/lib"/>
    <property name="java.vm.info" value="mixed mode"/>
    <property name="java.vendor" value="Oracle Corporation"/>
    <property name="java.vm.version" value="25.241-b07"/>
    <property name="java.ext.dirs" value="/usr/lib/jvm/jdk1.8.0_241/jre/lib/ext:/usr/java/packages/lib/ext"/>
    <property name="sun.io.unicode.encoding" value="UnicodeLittle"/>
    <property name="java.class.version" value="52.0"/>
  </properties>
  <testcase name="containsShouldReturnFalseOnNonExistingValue" classname="com.github.pluralism.javabtree.impl.InMemoryBTreeImplementationTest" time="0.005"/>
  <testcase name="getShouldReturnEmptyOptionalOnNonExistingValue" classname="com.github.pluralism.javabtree.impl.InMemoryBTreeImplementationTest" time="0.005"/>
  <testcase name="containsShouldReturnTrueOnExistingValue" classname="com.github.pluralism.javabtree.impl.InMemoryBTreeImplementationTest" time="0.001"/>
  <testcase name="getMaxValueShouldReturnTheMaximumValue" classname="com.github.pluralism.javabtree.impl.InMemoryBTreeImplementationTest" time="0.002"/>
  <testcase name="deleteShouldRemoveValueFromTree" classname="com.github.pluralism.javabtree.impl.InMemoryBTreeImplementationTest" time="0.001"/>
  <testcase name="getMinValueShouldReturnTheMinimumValue" classname="com.github.pluralism.javabtree.impl.InMemoryBTreeImplementationTest" time="0.002"/>
  <testcase name="getShouldReturnNonEmptyOptionalOnExistingValue" classname="com.github.pluralism.javabtree.impl.InMemoryBTreeImplementationTest" time="0.001"/>
</testsuite>